\BOOKMARK [0][-]{toc.0}{Table of Contents}{}% 1
\BOOKMARK [0][-]{chapter*.2}{Abstract}{}% 2
\BOOKMARK [0][-]{chapter.1}{Introduction}{}% 3
\BOOKMARK [0][-]{chapter.2}{ Designing the Language}{}% 4
\BOOKMARK [1][-]{section.2.1}{EBNF Grammar}{chapter.2}% 5
\BOOKMARK [1][-]{section.2.2}{Submission of Project Report}{chapter.2}% 6
\BOOKMARK [0][-]{chapter.3}{ Designing the Grammar}{}% 7
\BOOKMARK [1][-]{section.3.1}{Create a Report Structure}{chapter.3}% 8
\BOOKMARK [1][-]{section.3.2}{Typical Structure of your Report}{chapter.3}% 9
\BOOKMARK [2][-]{subsection.3.2.1}{Title page, Table of Contents, and Acknowledgements}{section.3.2}% 10
\BOOKMARK [2][-]{subsection.3.2.2}{The Abstract}{section.3.2}% 11
\BOOKMARK [2][-]{subsection.3.2.3}{Chapter 1: Introduction}{section.3.2}% 12
\BOOKMARK [2][-]{subsection.3.2.4}{Chapter 2: Background Research}{section.3.2}% 13
\BOOKMARK [2][-]{subsection.3.2.5}{Chapters 3 and 4: The Core Chapters}{section.3.2}% 14
\BOOKMARK [2][-]{subsection.3.2.6}{Chapter 5: Detailed Design and Implementation}{section.3.2}% 15
\BOOKMARK [2][-]{subsection.3.2.7}{Chapter 6: Testing/Evaluation}{section.3.2}% 16
\BOOKMARK [2][-]{subsection.3.2.8}{Chapter 7: Conclusions and Future Work}{section.3.2}% 17
\BOOKMARK [2][-]{subsection.3.2.9}{References}{section.3.2}% 18
\BOOKMARK [2][-]{subsection.3.2.10}{Appendices}{section.3.2}% 19
\BOOKMARK [1][-]{section.3.3}{Order of Writing}{chapter.3}% 20
\BOOKMARK [1][-]{section.3.4}{Other Advice}{chapter.3}% 21
\BOOKMARK [2][-]{subsection.3.4.1}{Continuity}{section.3.4}% 22
\BOOKMARK [2][-]{subsection.3.4.2}{Presentation Issues}{section.3.4}% 23
